-------------------------------------------------------------------------------
Test set: com.example.tests.web.WebLoginTests
-------------------------------------------------------------------------------
Tests run: 9, Failures: 1, Errors: 0, Skipped: 8, Time elapsed: 3.668 s <<< FAILURE! - in com.example.tests.web.WebLoginTests
com.example.tests.web.WebLoginTests.setupTest  Time elapsed: 3.512 s  <<< FAILURE!
org.openqa.selenium.SessionNotCreatedException:
Could not start a new session. Response code 500. Message: session not created: probably user data directory is already in use, please specify a unique value for --user-data-dir argument, or don't use --user-data-dir
Host info: host: 'devbox', ip: '192.168.0.2'
Build info: version: '4.21.0', revision: '79ed462ef4'
System info: os.name: 'Linux', os.arch: 'amd64', os.version: '6.8.0', java.version: '21.0.7'
Driver info: org.openqa.selenium.chrome.ChromeDriver
Command: [null, newSession {capabilities=[Capabilities {browserName: chrome, goog:chromeOptions: {args: [--no-sandbox, --disable-dev-shm-usage, --disable-features=VizDispl...], binary: /home/jules/.cache/selenium..., extensions: []}}]}]
	at com.example.tests.web.WebLoginTests.setupTest(WebLoginTests.java:28)
