<?xml version="1.0" encoding="UTF-8"?>
<testsuite xmlns:xsi="http://www.w3.org/2001/XMLSchema-instance" xsi:noNamespaceSchemaLocation="https://maven.apache.org/surefire/maven-surefire-plugin/xsd/surefire-test-report-3.0.xsd" version="3.0" name="com.example.tests.web.WebLoginTests" time="3.668" tests="9" errors="0" skipped="8" failures="1">
  <properties>
[...]
</properties>
  <testcase name="setupTest" classname="com.example.tests.web.WebLoginTests" time="3.512">
    <failure message="Could not start a new session. Response code 500. Message: session not created: probably user data directory is already in use, please specify a unique value for --user-data-dir argument, or don&apos;t use --user-data-dir &#10;Host info: host: &apos;devbox&apos;, ip: &apos;192.168.0.2&apos;&#10;Build info: version: &apos;4.21.0&apos;, revision: &apos;79ed462ef4&apos;&#10;System info: os.name: &apos;Linux&apos;, os.arch: &apos;amd64&apos;, os.version: &apos;6.8.0&apos;, java.version: &apos;21.0.7&apos;&#10;Driver info: org.openqa.selenium.chrome.ChromeDriver&#10;Command: [null, newSession {capabilities=[Capabilities {browserName: chrome, goog:chromeOptions: {args: [--no-sandbox, --disable-dev-shm-usage, --disable-features=VizDispl...], binary: /home/jules/.cache/selenium..., extensions: []}}]}]" type="org.openqa.selenium.SessionNotCreatedException"><![CDATA[org.openqa.selenium.SessionNotCreatedException:
Could not start a new session. Response code 500. Message: session not created: probably user data directory is already in use, please specify a unique value for --user-data-dir argument, or don't use --user-data-dir
Host info: host: 'devbox', ip: '192.168.0.2'
Build info: version: '4.21.0', revision: '79ed462ef4'
System info: os.name: 'Linux', os.arch: 'amd64', os.version: '6.8.0', java.version: '21.0.7'
Driver info: org.openqa.selenium.chrome.ChromeDriver
Command: [null, newSession {capabilities=[Capabilities {browserName: chrome, goog:chromeOptions: {args: [--no-sandbox, --disable-dev-shm-usage, --disable-features=VizDispl...], binary: /home/jules/.cache/selenium..., extensions: []}}]}]
	at com.example.tests.web.WebLoginTests.setupTest(WebLoginTests.java:28)
]]></failure>
    <system-out><![CDATA[Loaded properties for environment: qa
Loaded user properties from: config/users.properties
Loaded properties for environment: qa
Loaded user properties from: config/users.properties
]]></system-out>
    <system-err><![CDATA[Jun 25, 2025 5:30:10 AM org.openqa.selenium.manager.SeleniumManager lambda$runCommand$1
WARNING: The chromedriver version (137.0.7151.70) detected in PATH at /home/jules/.nvm/versions/node/v22.16.0/bin/chromedriver might not be compatible with the detected chrome version (138.0.7204.49); currently, chromedriver 138.0.7204.49 is recommended for chrome 138.*, so it is advised to delete the driver in PATH and retry
]]></system-err>
  </testcase>
  <testcase name="setupTest" classname="com.example.tests.web.WebLoginTests" time="0">
    <skipped/>
  </testcase>
  <testcase name="setupTest" classname="com.example.tests.web.WebLoginTests" time="0">
    <skipped/>
  </testcase>
  <testcase name="testInvalidLogin" classname="com.example.tests.web.WebLoginTests" time="0">
    <skipped message="Could not start a new session. Response code 500. Message: session not created: probably user data directory is already in use, please specify a unique value for --user-data-dir argument, or don&apos;t use --user-data-dir &#10;Host info: host: &apos;devbox&apos;, ip: &apos;192.168.0.2&apos;&#10;Build info: version: &apos;4.21.0&apos;, revision: &apos;79ed462ef4&apos;&#10;System info: os.name: &apos;Linux&apos;, os.arch: &apos;amd64&apos;, os.version: &apos;6.8.0&apos;, java.version: &apos;21.0.7&apos;&#10;Driver info: org.openqa.selenium.chrome.ChromeDriver&#10;Command: [null, newSession {capabilities=[Capabilities {browserName: chrome, goog:chromeOptions: {args: [--no-sandbox, --disable-dev-shm-usage, --disable-features=VizDispl...], binary: /home/jules/.cache/selenium..., extensions: []}}]}]"/>
  </testcase>
  <testcase name="teardownTest" classname="com.example.tests.web.WebLoginTests" time="0">
    <skipped/>
  </testcase>
  <testcase name="teardownTest" classname="com.example.tests.web.WebLoginTests" time="0">
    <skipped/>
  </testcase>
  <testcase name="teardownTest" classname="com.example.tests.web.WebLoginTests" time="0">
    <skipped/>
  </testcase>
  <testcase name="testSuccessfulLoginAdmin" classname="com.example.tests.web.WebLoginTests" time="0">
    <skipped message="Could not start a new session. Response code 500. Message: session not created: probably user data directory is already in use, please specify a unique value for --user-data-dir argument, or don&apos;t use --user-data-dir &#10;Host info: host: &apos;devbox&apos;, ip: &apos;192.168.0.2&apos;&#10;Build info: version: &apos;4.21.0&apos;, revision: &apos;79ed462ef4&apos;&#10;System info: os.name: &apos;Linux&apos;, os.arch: &apos;amd64&apos;, os.version: &apos;6.8.0&apos;, java.version: &apos;21.0.7&apos;&#10;Driver info: org.openqa.selenium.chrome.ChromeDriver&#10;Command: [null, newSession {capabilities=[Capabilities {browserName: chrome, goog:chromeOptions: {args: [--no-sandbox, --disable-dev-shm-usage, --disable-features=VizDispl...], binary: /home/jules/.cache/selenium..., extensions: []}}]}]"/>
  </testcase>
  <testcase name="testSuccessfulLoginSuperAdmin" classname="com.example.tests.web.WebLoginTests" time="0">
    <skipped message="Could not start a new session. Response code 500. Message: session not created: probably user data directory is already in use, please specify a unique value for --user-data-dir argument, or don&apos;t use --user-data-dir &#10;Host info: host: &apos;devbox&apos;, ip: &apos;192.168.0.2&apos;&#10;Build info: version: &apos;4.21.0&apos;, revision: &apos;79ed462ef4&apos;&#10;System info: os.name: &apos;Linux&apos;, os.arch: &apos;amd64&apos;, os.version: &apos;6.8.0&apos;, java.version: &apos;21.0.7&apos;&#10;Driver info: org.openqa.selenium.chrome.ChromeDriver&#10;Command: [null, newSession {capabilities=[Capabilities {browserName: chrome, goog:chromeOptions: {args: [--no-sandbox, --disable-dev-shm-usage, --disable-features=VizDispl...], binary: /home/jules/.cache/selenium..., extensions: []}}]}]"/>
  </testcase>
</testsuite>